DEBUG tests/list_algos_tests.c:main:92: ----- RUNNING: ./tests/list_algos_tests
DEBUG tests/list_algos_tests.c:all_tests:86: 
----- test_bubble_sort
DEBUG tests/list_algos_tests.c:all_tests:87: 
----- test_merge_sort
[ERROR] (tests/list_algos_tests.c:test_merge_sort:69: errno: None) The sorted list is not the same length as the source list
DEBUG tests/list_algos_tests.c:main:92: ----- RUNNING: ./tests/list_algos_tests
DEBUG tests/list_algos_tests.c:all_tests:86: 
----- test_bubble_sort
DEBUG tests/list_algos_tests.c:all_tests:87: 
----- test_merge_sort
[ERROR] (tests/list_algos_tests.c:test_merge_sort:70: errno: None) Words are not sorted after merge sort.
DEBUG tests/list_algos_tests.c:main:92: ----- RUNNING: ./tests/list_algos_tests
DEBUG tests/list_algos_tests.c:all_tests:86: 
----- test_bubble_sort
DEBUG tests/list_algos_tests.c:all_tests:87: 
----- test_merge_sort
DEBUG tests/list_algos_tests.c:main:92: ----- RUNNING: ./tests/list_algos_tests
DEBUG tests/list_algos_tests.c:all_tests:86: 
----- test_bubble_sort
DEBUG tests/list_algos_tests.c:all_tests:87: 
----- test_merge_sort
DEBUG tests/list_algos_tests.c:main:92: ----- RUNNING: ./tests/list_algos_tests
DEBUG tests/list_algos_tests.c:all_tests:86: 
----- test_bubble_sort
DEBUG tests/list_algos_tests.c:all_tests:87: 
----- test_merge_sort
[ERROR] (tests/list_algos_tests.c:test_merge_sort:70: errno: None) Words are not sorted after merge sort.
DEBUG tests/list_algos_tests.c:main:92: ----- RUNNING: ./tests/list_algos_tests
DEBUG tests/list_algos_tests.c:all_tests:86: 
----- test_bubble_sort
DEBUG tests/list_algos_tests.c:all_tests:87: 
----- test_merge_sort
[ERROR] (tests/list_algos_tests.c:test_merge_sort:70: errno: None) Words are not sorted after merge sort.
DEBUG tests/list_algos_tests.c:main:93: ----- RUNNING: ./tests/list_algos_tests
DEBUG tests/list_algos_tests.c:all_tests:87: 
----- test_bubble_sort
DEBUG tests/list_algos_tests.c:all_tests:88: 
----- test_merge_sort
[ERROR] (tests/list_algos_tests.c:test_merge_sort:71: errno: None) Words are not sorted after merge sort.
DEBUG tests/list_algos_tests.c:main:93: ----- RUNNING: ./tests/list_algos_tests
DEBUG tests/list_algos_tests.c:all_tests:87: 
----- test_bubble_sort
DEBUG tests/list_algos_tests.c:all_tests:88: 
----- test_merge_sort
[ERROR] (tests/list_algos_tests.c:test_merge_sort:71: errno: None) Words are not sorted after merge sort.
DEBUG tests/list_algos_tests.c:main:93: ----- RUNNING: ./tests/list_algos_tests
DEBUG tests/list_algos_tests.c:all_tests:87: 
----- test_bubble_sort
DEBUG tests/list_algos_tests.c:all_tests:88: 
----- test_merge_sort
[ERROR] (tests/list_algos_tests.c:test_merge_sort:71: errno: None) Words are not sorted after merge sort.
DEBUG tests/list_algos_tests.c:main:93: ----- RUNNING: ./tests/list_algos_tests
DEBUG tests/list_algos_tests.c:all_tests:87: 
----- test_bubble_sort
DEBUG tests/list_algos_tests.c:all_tests:88: 
----- test_merge_sort
[ERROR] (tests/list_algos_tests.c:test_merge_sort:71: errno: None) Words are not sorted after merge sort.
DEBUG tests/list_algos_tests.c:main:93: ----- RUNNING: ./tests/list_algos_tests
DEBUG tests/list_algos_tests.c:all_tests:87: 
----- test_bubble_sort
DEBUG tests/list_algos_tests.c:all_tests:88: 
----- test_merge_sort
[ERROR] (tests/list_algos_tests.c:test_merge_sort:71: errno: None) Words are not sorted after merge sort.
DEBUG tests/list_algos_tests.c:main:93: ----- RUNNING: ./tests/list_algos_tests
DEBUG tests/list_algos_tests.c:all_tests:87: 
----- test_bubble_sort
DEBUG tests/list_algos_tests.c:all_tests:88: 
----- test_merge_sort
[ERROR] (tests/list_algos_tests.c:test_merge_sort:71: errno: None) Words are not sorted after merge sort.
DEBUG tests/list_algos_tests.c:main:93: ----- RUNNING: ./tests/list_algos_tests
DEBUG tests/list_algos_tests.c:all_tests:87: 
----- test_bubble_sort
DEBUG tests/list_algos_tests.c:all_tests:88: 
----- test_merge_sort
DEBUG tests/list_tests.c:main:136: ----- RUNNING: ./tests/list_tests
DEBUG tests/list_tests.c:all_tests:125: 
----- test_create
DEBUG tests/list_tests.c:all_tests:126: 
----- test_push_pop
DEBUG tests/list_tests.c:all_tests:127: 
----- test_copy
DEBUG tests/list_tests.c:all_tests:128: 
----- test_unshift
DEBUG tests/list_tests.c:all_tests:129: 
----- test_remove
DEBUG tests/list_tests.c:all_tests:130: 
----- test_shift
DEBUG tests/list_tests.c:all_tests:131: 
----- test_destroy
DEBUG tests/list_algos_tests.c:main:90: ----- RUNNING: ./tests/list_algos_tests
DEBUG tests/list_algos_tests.c:all_tests:84: 
----- test_bubble_sort
DEBUG tests/list_algos_tests.c:all_tests:85: 
----- test_merge_sort
DEBUG tests/list_tests.c:main:136: ----- RUNNING: ./tests/list_tests
DEBUG tests/list_tests.c:all_tests:125: 
----- test_create
DEBUG tests/list_tests.c:all_tests:126: 
----- test_push_pop
DEBUG tests/list_tests.c:all_tests:127: 
----- test_copy
DEBUG tests/list_tests.c:all_tests:128: 
----- test_unshift
DEBUG tests/list_tests.c:all_tests:129: 
----- test_remove
DEBUG tests/list_tests.c:all_tests:130: 
----- test_shift
DEBUG tests/list_tests.c:all_tests:131: 
----- test_destroy
DEBUG tests/darray_tests.c:main:123: ----- RUNNING: ./tests/darray_tests
DEBUG tests/darray_tests.c:all_tests:111: 
----- test_create
DEBUG tests/darray_tests.c:all_tests:112: 
----- test_new
DEBUG tests/darray_tests.c:all_tests:113: 
----- test_set
DEBUG tests/darray_tests.c:all_tests:114: 
----- test_get
DEBUG tests/darray_tests.c:all_tests:115: 
----- test_remove
DEBUG tests/darray_tests.c:all_tests:116: 
----- test_expand_contract
DEBUG tests/darray_tests.c:all_tests:117: 
----- test_push_pop
DEBUG tests/darray_tests.c:all_tests:118: 
----- test_destroy
